(node:3349) [DEP0040] DeprecationWarning: The `punycode` module is deprecated. Please use a userland alternative instead.
(Use `node --trace-deprecation ...` to show where the warning was created)
Server is running on port 3001
QR RECEIVED 2@Xamfoha8y+ehdAFxO/+PCyI4sAYf6O/ZxUVLBOCj5e3/HbCbWr6Etmmthf1YUMJprjjqh+IsMgFX+mvtZ3WkIFUu/ddL6xabg0s=,UvD83Tw6z3VBcj/KeWsQrarTxLICW++JhlVWJJs4VE0=,sKRdRQ4xRdlG1JzlKNKRQy7bCqye1ANw5qDtHsXBnTw=,L7mfVjwGg42fRurvCd2+pEZcNlCxZTUGBGNmXXbzc4Q=,1
QR RECEIVED 2@x1ApKfRFktegiDtIpQQaE//0ClekuCr2f5kV2eCdTzLfjVvLcS/fBo8bwik2iVKPEacMyMKrGSDHBr462cnKD0W85wf1OqjpNZo=,UvD83Tw6z3VBcj/KeWsQrarTxLICW++JhlVWJJs4VE0=,sKRdRQ4xRdlG1JzlKNKRQy7bCqye1ANw5qDtHsXBnTw=,L7mfVjwGg42fRurvCd2+pEZcNlCxZTUGBGNmXXbzc4Q=,1
QR RECEIVED 2@9cPcNB+cnkCk/PYnRPEavY1EdMc/uQVjPfZzFBmzauFMfaMniAENVFmsyxSBdkoEZbOUTLDjHdD84xTCS8jkZdmvsqwL+21nYx0=,UvD83Tw6z3VBcj/KeWsQrarTxLICW++JhlVWJJs4VE0=,sKRdRQ4xRdlG1JzlKNKRQy7bCqye1ANw5qDtHsXBnTw=,L7mfVjwGg42fRurvCd2+pEZcNlCxZTUGBGNmXXbzc4Q=,1
QR RECEIVED 2@R6svIlr2Sw4yKgsBdCLR6TJKRDHd8jM3sSXfcW1n535JiVaKljJGJDylgL/NU1SJKRBuWw7cqso9K5EbBVw1nNkSodHgL44UrGE=,UvD83Tw6z3VBcj/KeWsQrarTxLICW++JhlVWJJs4VE0=,sKRdRQ4xRdlG1JzlKNKRQy7bCqye1ANw5qDtHsXBnTw=,L7mfVjwGg42fRurvCd2+pEZcNlCxZTUGBGNmXXbzc4Q=,1
QR RECEIVED 2@0HLOekiTHjMGN/gYOGH/1I5ckuNYv+TV9zaOaS8WRCW4Y4lqcg48iaTdnTTN6ce1aY4rnR2oe2b+kUbDGO8ALoBGnAskk7ft0PY=,UvD83Tw6z3VBcj/KeWsQrarTxLICW++JhlVWJJs4VE0=,sKRdRQ4xRdlG1JzlKNKRQy7bCqye1ANw5qDtHsXBnTw=,L7mfVjwGg42fRurvCd2+pEZcNlCxZTUGBGNmXXbzc4Q=,1
QR RECEIVED 2@FNbnr2Ih7xVNLur6n/fahXOhtcRVj+fUYG3DIFs47evkBl1s74FqcNv2Zwr+Ks1oamQzJ+SQuv4+PpPd/990xFJdbNgz0vu0FIQ=,UvD83Tw6z3VBcj/KeWsQrarTxLICW++JhlVWJJs4VE0=,sKRdRQ4xRdlG1JzlKNKRQy7bCqye1ANw5qDtHsXBnTw=,L7mfVjwGg42fRurvCd2+pEZcNlCxZTUGBGNmXXbzc4Q=,1
QR RECEIVED 2@dtxGH/l+Tpeieo3yu2cutyFgI+W9rzGF5w+b9BY1OHRrmFdPl8Be5ulQxGR2jXl1I5kEvknNixvZJWoxBZdpz5NQjjjtEKmaBcE=,UvD83Tw6z3VBcj/KeWsQrarTxLICW++JhlVWJJs4VE0=,sKRdRQ4xRdlG1JzlKNKRQy7bCqye1ANw5qDtHsXBnTw=,L7mfVjwGg42fRurvCd2+pEZcNlCxZTUGBGNmXXbzc4Q=,1
QR RECEIVED 2@hWay9q7mbc0nwxTBO3pAV+WnUrm0Oz4VNxVMwECtdHjyRrEo1sv1rYwdyzOKrJipEwfAU8yAS1/YUt/ZhDBhLkoh3TAyTBlwnlw=,UvD83Tw6z3VBcj/KeWsQrarTxLICW++JhlVWJJs4VE0=,sKRdRQ4xRdlG1JzlKNKRQy7bCqye1ANw5qDtHsXBnTw=,L7mfVjwGg42fRurvCd2+pEZcNlCxZTUGBGNmXXbzc4Q=,1
QR RECEIVED 2@iwqyqIT7QK3/mvWL6412D5F4T5mBzAtmMFDhhm10Ls/IKM0AT0GL5ZHHblGjT96EY69J6HU9R77aMyRjLYBP0Fc1imlRvr+MdgM=,UvD83Tw6z3VBcj/KeWsQrarTxLICW++JhlVWJJs4VE0=,sKRdRQ4xRdlG1JzlKNKRQy7bCqye1ANw5qDtHsXBnTw=,L7mfVjwGg42fRurvCd2+pEZcNlCxZTUGBGNmXXbzc4Q=,1
QR RECEIVED 2@Qs6o7wdPib7Ak+YiIUUEW/aCOVZT4mi4MoPkgYtzPZwdWdajx3nNPATFA/z6MZdkJNl1VNIWBhPQ7PqgvCFuT/RMmw0S8mtDPVM=,UvD83Tw6z3VBcj/KeWsQrarTxLICW++JhlVWJJs4VE0=,sKRdRQ4xRdlG1JzlKNKRQy7bCqye1ANw5qDtHsXBnTw=,L7mfVjwGg42fRurvCd2+pEZcNlCxZTUGBGNmXXbzc4Q=,1
QR RECEIVED 2@lqF42k7EpUmB9koSph2zsM7wz7S9dLoPPHfKYjK9YZHU6jbR2HLpgqdSDYRp4moh9J6e3ZuAiPW1a6lE2B0DCKJfMXiioebK+xM=,UvD83Tw6z3VBcj/KeWsQrarTxLICW++JhlVWJJs4VE0=,sKRdRQ4xRdlG1JzlKNKRQy7bCqye1ANw5qDtHsXBnTw=,L7mfVjwGg42fRurvCd2+pEZcNlCxZTUGBGNmXXbzc4Q=,1
QR RECEIVED 2@ub1ePP8VV9lU9YP1kR69aV3912QlyRP+peplsbsBt5sSB6v85iAIl/Ngqk4kU+VZJ6lPRkFW3uicbKC5LQKLyunb9mvFZ8E60jM=,UvD83Tw6z3VBcj/KeWsQrarTxLICW++JhlVWJJs4VE0=,sKRdRQ4xRdlG1JzlKNKRQy7bCqye1ANw5qDtHsXBnTw=,L7mfVjwGg42fRurvCd2+pEZcNlCxZTUGBGNmXXbzc4Q=,1
QR RECEIVED 2@wvFPE/L7ujFk6OLuaAQwPIQyRHtP9SwAjM7U7KAq/p/XvYSm5Pre7VsctYLpXudOLeZ1qLjrKr5wtA1JpVbBGBF2N68TeuIGvxU=,UvD83Tw6z3VBcj/KeWsQrarTxLICW++JhlVWJJs4VE0=,sKRdRQ4xRdlG1JzlKNKRQy7bCqye1ANw5qDtHsXBnTw=,L7mfVjwGg42fRurvCd2+pEZcNlCxZTUGBGNmXXbzc4Q=,1
QR RECEIVED 2@7VGfeULWdFuVtb3nLl3aEABq14yhyU0AW2cbf3VLU/ykYzItmfbQcvMmdTg2UQzB0ca8LVHUOmyB8VauNK12fLcTSIzsfpude8k=,UvD83Tw6z3VBcj/KeWsQrarTxLICW++JhlVWJJs4VE0=,sKRdRQ4xRdlG1JzlKNKRQy7bCqye1ANw5qDtHsXBnTw=,L7mfVjwGg42fRurvCd2+pEZcNlCxZTUGBGNmXXbzc4Q=,1
QR RECEIVED 2@APkvoK7JDN5YnGaI2VNzvk0UevxjEYcRs/L1szOw8qRyeUhdyQLpgAX2mZ21b1w9Fmz+Y70HmPDz3iphmMU9mRVSCUvLjc562iE=,UvD83Tw6z3VBcj/KeWsQrarTxLICW++JhlVWJJs4VE0=,sKRdRQ4xRdlG1JzlKNKRQy7bCqye1ANw5qDtHsXBnTw=,L7mfVjwGg42fRurvCd2+pEZcNlCxZTUGBGNmXXbzc4Q=,1
QR RECEIVED 2@0cu60P8Altkw9PUoQwg7/LWNAKGmglM96N5awvlaYaPSjQGcc/eVFcge8m0onz03Dt6+IJohGYdZ2+0/p/eO7MVU4ZEP+5WysCY=,UvD83Tw6z3VBcj/KeWsQrarTxLICW++JhlVWJJs4VE0=,sKRdRQ4xRdlG1JzlKNKRQy7bCqye1ANw5qDtHsXBnTw=,L7mfVjwGg42fRurvCd2+pEZcNlCxZTUGBGNmXXbzc4Q=,1
QR RECEIVED 2@jrjq4i5yrDMqEzRy4qE9SNgDyk+tjCr35UfKQGXf3aXWaZIzmE4wdCiyMI340rI1jSxIUHsGb5sc37n2m8A3YYsSNcgzkfjb59w=,UvD83Tw6z3VBcj/KeWsQrarTxLICW++JhlVWJJs4VE0=,sKRdRQ4xRdlG1JzlKNKRQy7bCqye1ANw5qDtHsXBnTw=,L7mfVjwGg42fRurvCd2+pEZcNlCxZTUGBGNmXXbzc4Q=,1
QR RECEIVED 2@FYEVcM/R/eVzVEPa9qVVuU0j1/Mv2oGXUo4PskNDRY55IgyBXFwn90FHn6WAXj6C66SEUdYIA07GgQtYtp06Qi0vJISJpX4E2A8=,UvD83Tw6z3VBcj/KeWsQrarTxLICW++JhlVWJJs4VE0=,sKRdRQ4xRdlG1JzlKNKRQy7bCqye1ANw5qDtHsXBnTw=,L7mfVjwGg42fRurvCd2+pEZcNlCxZTUGBGNmXXbzc4Q=,1
QR RECEIVED 2@dUiyE+/52UfqwduiAKwGCNZ4MlBujRzhBDWsLWYb12UK6MD0dxKlF4VyKcAtJTOx2bDvzrL/7v07ptP+5U6GwO29EtJIT4J85Q8=,UvD83Tw6z3VBcj/KeWsQrarTxLICW++JhlVWJJs4VE0=,sKRdRQ4xRdlG1JzlKNKRQy7bCqye1ANw5qDtHsXBnTw=,L7mfVjwGg42fRurvCd2+pEZcNlCxZTUGBGNmXXbzc4Q=,1
QR RECEIVED 2@tJe67XmEfntQOXCzCBE3HfgPxICne+jWKcPQODdEboi9OlttwAZOsh3KdWsMwp6LUzNRV2zq3J4wMB8JGQaTZZcnIFAS4Yb/lQo=,UvD83Tw6z3VBcj/KeWsQrarTxLICW++JhlVWJJs4VE0=,sKRdRQ4xRdlG1JzlKNKRQy7bCqye1ANw5qDtHsXBnTw=,L7mfVjwGg42fRurvCd2+pEZcNlCxZTUGBGNmXXbzc4Q=,1
QR RECEIVED 2@6Bjbcf9pcAlBqS2dqCzHKVe6ntUoXdXFaU/U1988J9wZz7uNoadhFHOiZAPXX6aogBMHMej+kFDNVWcDS3s3iRIC4yaPnZy1o0c=,UvD83Tw6z3VBcj/KeWsQrarTxLICW++JhlVWJJs4VE0=,sKRdRQ4xRdlG1JzlKNKRQy7bCqye1ANw5qDtHsXBnTw=,L7mfVjwGg42fRurvCd2+pEZcNlCxZTUGBGNmXXbzc4Q=,1
QR RECEIVED 2@WssvEBk9abHU7QoLGrC86Hn9YFr2SHH6eahzOqWf4M4tUs6TnMchdpOYGBUhlj0DMhy9H7fxS1LhBGMk+zQJpW+ysy+CSZlfwaw=,UvD83Tw6z3VBcj/KeWsQrarTxLICW++JhlVWJJs4VE0=,sKRdRQ4xRdlG1JzlKNKRQy7bCqye1ANw5qDtHsXBnTw=,L7mfVjwGg42fRurvCd2+pEZcNlCxZTUGBGNmXXbzc4Q=,1
QR RECEIVED 2@X9wXcR1RiA0SE1h4namxuVLaVuezj0UxGCB8gzLeBgq1N55yCPNGkNWLVIE51RL0n9rHzSFFaJudeXFTEtXcVqZ5G4Cf3M5+KbY=,UvD83Tw6z3VBcj/KeWsQrarTxLICW++JhlVWJJs4VE0=,sKRdRQ4xRdlG1JzlKNKRQy7bCqye1ANw5qDtHsXBnTw=,L7mfVjwGg42fRurvCd2+pEZcNlCxZTUGBGNmXXbzc4Q=,1
QR RECEIVED 2@YkfbSP1Kg1iy9JAvnqddD0V70m0Ix1BZTS8PhtLBIVlVdlQEIcN7o6bmMujYEt9YFhNDMnOqGYXYD/X566s/NWhgki8mY1BjAbE=,UvD83Tw6z3VBcj/KeWsQrarTxLICW++JhlVWJJs4VE0=,sKRdRQ4xRdlG1JzlKNKRQy7bCqye1ANw5qDtHsXBnTw=,L7mfVjwGg42fRurvCd2+pEZcNlCxZTUGBGNmXXbzc4Q=,1
QR RECEIVED 2@vbmRFiijN8X7Vv2iX5ufqhZwDOEp7S0LEvDO0lNQm3vLip38jtDpckAcsRO4oKX3zH+XjFozDSaWYkdbdKndFM3n4D7jGNpPHus=,UvD83Tw6z3VBcj/KeWsQrarTxLICW++JhlVWJJs4VE0=,sKRdRQ4xRdlG1JzlKNKRQy7bCqye1ANw5qDtHsXBnTw=,L7mfVjwGg42fRurvCd2+pEZcNlCxZTUGBGNmXXbzc4Q=,1
QR RECEIVED 2@eBbAbCG5INwT2ESjOvyd902kynqJo7aCzXy94elmgHVf2RG5eXLOGBkuLXDGVW84M1o8MeHu3t/agMtep2PmWwxhHTfI0UTmwEo=,UvD83Tw6z3VBcj/KeWsQrarTxLICW++JhlVWJJs4VE0=,sKRdRQ4xRdlG1JzlKNKRQy7bCqye1ANw5qDtHsXBnTw=,L7mfVjwGg42fRurvCd2+pEZcNlCxZTUGBGNmXXbzc4Q=,1
QR RECEIVED 2@4fjbcr3dJ2NbkfRyfBblKL04GmdGMDJd6aWkbNuigGhiySbYOdt2ic6Gw4PnSL7n5x/k2EHtYMSI1LOZZhAfofcFc2vsi7se54s=,UvD83Tw6z3VBcj/KeWsQrarTxLICW++JhlVWJJs4VE0=,sKRdRQ4xRdlG1JzlKNKRQy7bCqye1ANw5qDtHsXBnTw=,L7mfVjwGg42fRurvCd2+pEZcNlCxZTUGBGNmXXbzc4Q=,1
